<?xml version="1.0" encoding="UTF-8"?>
<!-- Generated by org.testng.reporters.JUnitReportReporter -->
<testsuite skipped="0" hostname="ICT-OS-HUONGHTT" name="quanlyhogiadinh.NhanKhauThemMoiTest" tests="1" failures="0" timestamp="30 Aug 2017 09:12:58 GMT" time="34.798" errors="0">
  <testcase name="kiemTraNutLuuMH2KhiNhapDayDuDuLieu" time="34.798" classname="quanlyhogiadinh.NhanKhauThemMoiTest"/>
</testsuite> <!-- quanlyhogiadinh.NhanKhauThemMoiTest -->
