<?xml version="1.0" encoding="UTF-8"?>
<!-- Generated by org.testng.reporters.JUnitReportReporter -->
<testsuite skipped="0" hostname="ICT-OS-HUONGHTT" name="quanlyhogiadinh.HoKhauThemMoiTest" tests="1" failures="0" timestamp="30 Aug 2017 07:23:24 GMT" time="15.288" errors="0">
  <testcase name="themHKVoiNKChuaLamChuHo" time="15.288" classname="quanlyhogiadinh.HoKhauThemMoiTest"/>
</testsuite> <!-- quanlyhogiadinh.HoKhauThemMoiTest -->
