<?xml version="1.0" encoding="UTF-8"?>
<!-- Generated by org.testng.reporters.JUnitReportReporter -->
<testsuite skipped="0" hostname="ICT-OS-HUONGHTT" name="themdulieu.NhanKhauThemTest" tests="1" failures="0" timestamp="18 Aug 2017 09:38:32 GMT" time="99.179" errors="0">
  <testcase name="them01" time="99.179" classname="themdulieu.NhanKhauThemTest"/>
</testsuite> <!-- themdulieu.NhanKhauThemTest -->
