<?xml version="1.0" encoding="UTF-8"?>
<!-- Generated by org.testng.reporters.JUnitReportReporter -->
<testsuite skipped="0" hostname="ICT-OS-HUONGHTT" name="quanlyhososuckhoe.LichSuKCBTest" tests="1" failures="0" timestamp="01 Sep 2017 06:58:14 GMT" time="27.840" errors="0">
  <testcase name="themVoiDieuKienHopLe" time="27.840" classname="quanlyhososuckhoe.LichSuKCBTest"/>
</testsuite> <!-- quanlyhososuckhoe.LichSuKCBTest -->
