<?xml version="1.0" encoding="UTF-8"?>
<!-- Generated by org.testng.reporters.JUnitReportReporter -->
<testsuite skipped="0" hostname="ICT-OS-HUONGHTT" name="quanlyhogiadinh.NKThemVaoHK1Test" tests="14" failures="0" timestamp="17 Aug 2017 06:46:47 GMT" time="92.849" errors="0">
  <testcase name="kiemTraThongBaoKhiBoTrongThongTin" time="3.524" classname="quanlyhogiadinh.NKThemVaoHK1Test"/>
  <testcase name="kiemTraThongBaoKhiBoTrongNhanKhau" time="5.708" classname="quanlyhogiadinh.NKThemVaoHK1Test"/>
  <testcase name="kiemTraMauKhungKhiBoTrongQHVoiChuHo" time="6.239" classname="quanlyhogiadinh.NKThemVaoHK1Test"/>
  <testcase name="kiemTraThongBaoKhiKhongChonQHVoiChuHo" time="4.044" classname="quanlyhogiadinh.NKThemVaoHK1Test"/>
  <testcase name="kiemTraThongBaoKhiNKDangLaChuHoCuaHoKhac" time="7.625" classname="quanlyhogiadinh.NKThemVaoHK1Test"/>
  <testcase name="themNKVaoHKKhiDangLaThanhVienCuaHoKhac" time="9.342" classname="quanlyhogiadinh.NKThemVaoHK1Test"/>
  <testcase name="themNKVaoHKKhiChuaLaThanhVienCuaHoKhac" time="27.620" classname="quanlyhogiadinh.NKThemVaoHK1Test"/>
  <testcase name="kiemTraThongBaoKhiNKDaTonTaiTrongHK" time="10.975" classname="quanlyhogiadinh.NKThemVaoHK1Test"/>
  <testcase name="kiemTraKhiClickNutSuaNKDangLaChuHoKhongChoPhepSua" time="0.628" classname="quanlyhogiadinh.NKThemVaoHK1Test"/>
  <testcase name="kiemTraKhiClickNutXoaNKDangLaChuHoKhongChoPhepXoa" time="0.628" classname="quanlyhogiadinh.NKThemVaoHK1Test"/>
  <testcase name="kiemTraThongBaoKhiClickNutSuaNKKhongLaChuHo" time="0.645" classname="quanlyhogiadinh.NKThemVaoHK1Test"/>
  <testcase name="kiemTraThongBaoKhiClickNutXoaNKKhongLaChuHo" time="6.384" classname="quanlyhogiadinh.NKThemVaoHK1Test"/>
  <testcase name="kiemTraThongBaoClickNutLuuKhiDuLieuKhongDoi" time="3.266" classname="quanlyhogiadinh.NKThemVaoHK1Test"/>
  <testcase name="kiemTraClickNutDongMHSuaSangMHQLyHK" time="6.221" classname="quanlyhogiadinh.NKThemVaoHK1Test"/>
</testsuite> <!-- quanlyhogiadinh.NKThemVaoHK1Test -->
