<?xml version="1.0" encoding="UTF-8"?>
<!-- Generated by org.testng.reporters.JUnitReportReporter -->
<testsuite skipped="0" hostname="ICT-OS-HUONGHTT" name="themdulieu.HoKhauThemTest" tests="2" failures="0" timestamp="16 Aug 2017 10:32:01 GMT" time="34.227" errors="0">
  <testcase name="them01" time="15.649" classname="themdulieu.HoKhauThemTest"/>
  <testcase name="them02" time="18.578" classname="themdulieu.HoKhauThemTest"/>
</testsuite> <!-- themdulieu.HoKhauThemTest -->
