<?xml version="1.0" encoding="UTF-8"?>
<!-- Generated by org.testng.reporters.JUnitReportReporter -->
<testsuite skipped="0" hostname="ICT-OS-HUONGHTT" name="login.LoginTest" tests="5" failures="0" timestamp="03 Aug 2017 04:50:16 GMT" time="4.754" errors="0">
  <testcase name="boTrongTK" time="0.327" classname="login.LoginTest"/>
  <testcase name="boTrongMK" time="0.702" classname="login.LoginTest"/>
  <testcase name="boTrongTenDN" time="1.116" classname="login.LoginTest"/>
  <testcase name="nhapSaiMK" time="0.759" classname="login.LoginTest"/>
  <testcase name="nhapdungTK" time="1.850" classname="login.LoginTest"/>
</testsuite> <!-- login.LoginTest -->
