<?xml version="1.0" encoding="UTF-8"?>
<!-- Generated by org.testng.reporters.JUnitReportReporter -->
<testsuite skipped="0" hostname="ICT-OS-HUONGHTT" name="themdulieu.NhanKhauThemTest" tests="1" failures="0" timestamp="28 Aug 2017 01:48:00 GMT" time="101.499" errors="0">
  <testcase name="them01" time="101.499" classname="themdulieu.NhanKhauThemTest"/>
</testsuite> <!-- themdulieu.NhanKhauThemTest -->
