<?xml version="1.0" encoding="UTF-8"?>
<!-- Generated by org.testng.reporters.JUnitReportReporter -->
<testsuite skipped="0" hostname="ICT-OS-HUONGHTT" name="quanlyhogiadinh.NKThemVaoHK2Test" tests="3" failures="0" timestamp="28 Aug 2017 01:48:00 GMT" time="40.981" errors="0">
  <testcase name="kiemTraNutChonHoKhauKhongCHoCLickKhiNKDangLaChuHo" time="6.219" classname="quanlyhogiadinh.NKThemVaoHK2Test"/>
  <testcase name="kiemTraThongBaoKhiChuaChonQHVoiChuHo" time="18.286" classname="quanlyhogiadinh.NKThemVaoHK2Test"/>
  <testcase name="themNKvaoHKKhiNKKhongLaChuHo" time="16.476" classname="quanlyhogiadinh.NKThemVaoHK2Test"/>
</testsuite> <!-- quanlyhogiadinh.NKThemVaoHK2Test -->
