<?xml version="1.0" encoding="UTF-8"?>
<!-- Generated by org.testng.reporters.JUnitReportReporter -->
<testsuite skipped="0" hostname="ICT-OS-HUONGHTT" name="themdulieu.HoKhauThemTest" tests="2" failures="0" timestamp="28 Aug 2017 01:48:00 GMT" time="30.868" errors="0">
  <testcase name="them01" time="13.065" classname="themdulieu.HoKhauThemTest"/>
  <testcase name="them02" time="17.803" classname="themdulieu.HoKhauThemTest"/>
</testsuite> <!-- themdulieu.HoKhauThemTest -->
